<?xml version="1.0" encoding="UTF-8"?>
<!-- Generated by org.testng.reporters.JUnitReportReporter -->
<testsuite hostname="DESKTOP-223TQEO" failures="0" tests="1" name="Com.Ecommerce.TestCases.TC_Login_Testcase" time="7.545" errors="0" timestamp="2023-01-19T15:52:37 IST" skipped="0">
  <testcase classname="Com.Ecommerce.TestCases.TC_Login_Testcase" name="LoginTestCase" time="7.545"/>
  <system-out/>
</testsuite> <!-- Com.Ecommerce.TestCases.TC_Login_Testcase -->
