<?xml version="1.0" encoding="UTF-8"?>
<!-- Generated by org.testng.reporters.JUnitReportReporter -->
<testsuite hostname="DESKTOP-223TQEO" failures="0" tests="4" name="Com.Ecommerce.TestCases.TC_LoginDataTestCase" time="22.668" errors="0" timestamp="2023-01-22T12:44:23 IST" skipped="0">
  <testcase classname="Com.Ecommerce.TestCases.TC_LoginDataTestCase" name="LoginData" time="7.657"/>
  <system-out/>
  <testcase classname="Com.Ecommerce.TestCases.TC_LoginDataTestCase" name="LoginData" time="3.576"/>
  <system-out/>
  <testcase classname="Com.Ecommerce.TestCases.TC_LoginDataTestCase" name="LoginData" time="5.516"/>
  <system-out/>
  <testcase classname="Com.Ecommerce.TestCases.TC_LoginDataTestCase" name="LoginData" time="5.919"/>
  <system-out/>
</testsuite> <!-- Com.Ecommerce.TestCases.TC_LoginDataTestCase -->
